mode: set
github.com/eraft-io/eraft/shardkvserver/bucket.go:58.53,60.2 1 1
github.com/eraft-io/eraft/shardkvserver/bucket.go:63.51,66.16 3 1
github.com/eraft-io/eraft/shardkvserver/bucket.go:66.16,68.3 1 1
github.com/eraft-io/eraft/shardkvserver/bucket.go:69.2,69.15 1 1
github.com/eraft-io/eraft/shardkvserver/bucket.go:73.48,76.2 2 1
github.com/eraft-io/eraft/shardkvserver/bucket.go:79.51,81.16 2 1
github.com/eraft-io/eraft/shardkvserver/bucket.go:81.16,83.3 1 1
github.com/eraft-io/eraft/shardkvserver/bucket.go:84.2,84.36 1 1
github.com/eraft-io/eraft/shardkvserver/bucket.go:88.72,91.16 3 1
github.com/eraft-io/eraft/shardkvserver/bucket.go:91.16,93.3 1 1
github.com/eraft-io/eraft/shardkvserver/bucket.go:94.2,94.17 1 1
github.com/eraft-io/eraft/shardkvserver/bucket.go:98.44,101.2 2 1
github.com/eraft-io/eraft/shardkvserver/client.go:64.85,66.2 1 0
github.com/eraft-io/eraft/shardkvserver/client.go:68.79,69.48 1 0
github.com/eraft-io/eraft/shardkvserver/client.go:69.48,71.3 1 0
github.com/eraft-io/eraft/shardkvserver/client.go:72.2,72.12 1 0
github.com/eraft-io/eraft/shardkvserver/client.go:75.40,77.2 1 0
github.com/eraft-io/eraft/shardkvserver/client.go:80.59,82.2 1 0
github.com/eraft-io/eraft/shardkvserver/client.go:85.61,87.2 1 0
github.com/eraft-io/eraft/shardkvserver/client.go:90.20,94.2 3 0
github.com/eraft-io/eraft/shardkvserver/client.go:97.45,109.2 4 0
github.com/eraft-io/eraft/shardkvserver/client.go:112.54,117.2 1 0
github.com/eraft-io/eraft/shardkvserver/client.go:120.51,127.2 2 0
github.com/eraft-io/eraft/shardkvserver/client.go:132.72,139.2 1 0
github.com/eraft-io/eraft/shardkvserver/client.go:144.75,151.2 1 0
github.com/eraft-io/eraft/shardkvserver/client.go:156.89,164.2 1 0
github.com/eraft-io/eraft/shardkvserver/client.go:168.70,171.14 3 0
github.com/eraft-io/eraft/shardkvserver/client.go:171.14,173.3 1 0
github.com/eraft-io/eraft/shardkvserver/client.go:174.2,174.47 1 0
github.com/eraft-io/eraft/shardkvserver/client.go:174.47,175.35 1 0
github.com/eraft-io/eraft/shardkvserver/client.go:175.35,176.44 1 0
github.com/eraft-io/eraft/shardkvserver/client.go:176.44,179.5 2 0
github.com/eraft-io/eraft/shardkvserver/client.go:179.10,180.47 1 0
github.com/eraft-io/eraft/shardkvserver/client.go:180.47,182.6 1 0
github.com/eraft-io/eraft/shardkvserver/client.go:183.5,183.47 1 0
github.com/eraft-io/eraft/shardkvserver/client.go:185.4,186.18 2 0
github.com/eraft-io/eraft/shardkvserver/client.go:186.18,189.13 2 0
github.com/eraft-io/eraft/shardkvserver/client.go:191.4,191.24 1 0
github.com/eraft-io/eraft/shardkvserver/client.go:192.29,194.27 2 0
github.com/eraft-io/eraft/shardkvserver/client.go:195.34,197.40 2 0
github.com/eraft-io/eraft/shardkvserver/client.go:198.35,203.19 5 0
github.com/eraft-io/eraft/shardkvserver/client.go:203.19,205.6 1 0
github.com/eraft-io/eraft/shardkvserver/client.go:206.5,206.59 1 0
github.com/eraft-io/eraft/shardkvserver/client.go:206.59,209.6 2 0
github.com/eraft-io/eraft/shardkvserver/client.go:210.12,211.42 1 0
github.com/eraft-io/eraft/shardkvserver/client.go:214.8,216.3 1 0
github.com/eraft-io/eraft/shardkvserver/client.go:217.2,217.39 1 0
github.com/eraft-io/eraft/shardkvserver/client.go:222.77,223.6 1 0
github.com/eraft-io/eraft/shardkvserver/client.go:223.6,224.57 1 0
github.com/eraft-io/eraft/shardkvserver/client.go:224.57,225.36 1 0
github.com/eraft-io/eraft/shardkvserver/client.go:225.36,228.19 3 0
github.com/eraft-io/eraft/shardkvserver/client.go:228.19,229.21 1 0
github.com/eraft-io/eraft/shardkvserver/client.go:229.21,231.7 1 0
github.com/eraft-io/eraft/shardkvserver/client.go:231.12,233.7 1 0
github.com/eraft-io/eraft/shardkvserver/client.go:234.11,237.6 2 0
github.com/eraft-io/eraft/shardkvserver/shard_kvserver.go:83.107,85.33 2 0
github.com/eraft-io/eraft/shardkvserver/shard_kvserver.go:85.33,88.3 2 0
github.com/eraft-io/eraft/shardkvserver/shard_kvserver.go:89.2,122.16 13 0
github.com/eraft-io/eraft/shardkvserver/shard_kvserver.go:126.32,128.2 1 0
github.com/eraft-io/eraft/shardkvserver/shard_kvserver.go:130.42,132.2 1 0
github.com/eraft-io/eraft/shardkvserver/shard_kvserver.go:135.34,136.20 1 0
github.com/eraft-io/eraft/shardkvserver/shard_kvserver.go:136.20,137.47 1 0
github.com/eraft-io/eraft/shardkvserver/shard_kvserver.go:137.47,142.33 4 0
github.com/eraft-io/eraft/shardkvserver/shard_kvserver.go:142.33,143.33 1 0
github.com/eraft-io/eraft/shardkvserver/shard_kvserver.go:143.33,146.11 3 0
github.com/eraft-io/eraft/shardkvserver/shard_kvserver.go:149.4,149.26 1 0
github.com/eraft-io/eraft/shardkvserver/shard_kvserver.go:149.26,151.5 1 0
github.com/eraft-io/eraft/shardkvserver/shard_kvserver.go:152.4,154.26 3 0
github.com/eraft-io/eraft/shardkvserver/shard_kvserver.go:154.26,156.26 2 0
github.com/eraft-io/eraft/shardkvserver/shard_kvserver.go:156.26,157.14 1 0
github.com/eraft-io/eraft/shardkvserver/shard_kvserver.go:159.5,163.47 5 0
github.com/eraft-io/eraft/shardkvserver/shard_kvserver.go:163.47,171.19 8 0
github.com/eraft-io/eraft/shardkvserver/shard_kvserver.go:171.19,173.7 1 0
github.com/eraft-io/eraft/shardkvserver/shard_kvserver.go:174.6,180.13 5 0
github.com/eraft-io/eraft/shardkvserver/shard_kvserver.go:181.23,182.32 1 0
github.com/eraft-io/eraft/shardkvserver/shard_kvserver.go:183.48,183.48 0 0
github.com/eraft-io/eraft/shardkvserver/shard_kvserver.go:186.6,188.16 2 0
github.com/eraft-io/eraft/shardkvserver/shard_kvserver.go:188.16,192.7 3 0
github.com/eraft-io/eraft/shardkvserver/shard_kvserver.go:196.3,196.30 1 0
github.com/eraft-io/eraft/shardkvserver/shard_kvserver.go:200.47,202.2 1 0
github.com/eraft-io/eraft/shardkvserver/shard_kvserver.go:204.69,205.38 1 0
github.com/eraft-io/eraft/shardkvserver/shard_kvserver.go:205.38,207.3 1 0
github.com/eraft-io/eraft/shardkvserver/shard_kvserver.go:208.2,208.27 1 0
github.com/eraft-io/eraft/shardkvserver/shard_kvserver.go:211.35,213.2 1 0
github.com/eraft-io/eraft/shardkvserver/shard_kvserver.go:216.103,220.47 2 0
github.com/eraft-io/eraft/shardkvserver/shard_kvserver.go:220.47,223.3 2 0
github.com/eraft-io/eraft/shardkvserver/shard_kvserver.go:224.2,225.16 2 0
github.com/eraft-io/eraft/shardkvserver/shard_kvserver.go:225.16,227.3 1 0
github.com/eraft-io/eraft/shardkvserver/shard_kvserver.go:229.2,230.15 2 0
github.com/eraft-io/eraft/shardkvserver/shard_kvserver.go:230.15,234.3 3 0
github.com/eraft-io/eraft/shardkvserver/shard_kvserver.go:236.2,240.9 4 0
github.com/eraft-io/eraft/shardkvserver/shard_kvserver.go:241.19,242.17 1 0
github.com/eraft-io/eraft/shardkvserver/shard_kvserver.go:242.17,245.4 2 0
github.com/eraft-io/eraft/shardkvserver/shard_kvserver.go:246.44,247.44 1 0
github.com/eraft-io/eraft/shardkvserver/shard_kvserver.go:250.2,250.12 1 0
github.com/eraft-io/eraft/shardkvserver/shard_kvserver.go:250.12,254.3 3 0
github.com/eraft-io/eraft/shardkvserver/shard_kvserver.go:256.2,256.21 1 0
github.com/eraft-io/eraft/shardkvserver/shard_kvserver.go:260.57,261.20 1 0
github.com/eraft-io/eraft/shardkvserver/shard_kvserver.go:261.20,262.10 1 0
github.com/eraft-io/eraft/shardkvserver/shard_kvserver.go:263.15,264.10 1 0
github.com/eraft-io/eraft/shardkvserver/shard_kvserver.go:265.34,268.32 2 0
github.com/eraft-io/eraft/shardkvserver/shard_kvserver.go:268.32,270.115 2 0
github.com/eraft-io/eraft/shardkvserver/shard_kvserver.go:270.115,273.6 2 0
github.com/eraft-io/eraft/shardkvserver/shard_kvserver.go:274.5,275.11 2 0
github.com/eraft-io/eraft/shardkvserver/shard_kvserver.go:278.4,278.31 1 0
github.com/eraft-io/eraft/shardkvserver/shard_kvserver.go:278.31,282.67 3 0
github.com/eraft-io/eraft/shardkvserver/shard_kvserver.go:282.67,285.14 3 0
github.com/eraft-io/eraft/shardkvserver/shard_kvserver.go:289.5,289.56 1 0
github.com/eraft-io/eraft/shardkvserver/shard_kvserver.go:289.56,291.14 2 0
github.com/eraft-io/eraft/shardkvserver/shard_kvserver.go:294.5,300.23 6 0
github.com/eraft-io/eraft/shardkvserver/shard_kvserver.go:302.26,304.30 2 0
github.com/eraft-io/eraft/shardkvserver/shard_kvserver.go:304.30,307.7 2 0
github.com/eraft-io/eraft/shardkvserver/shard_kvserver.go:308.29,310.30 2 0
github.com/eraft-io/eraft/shardkvserver/shard_kvserver.go:310.30,312.7 1 0
github.com/eraft-io/eraft/shardkvserver/shard_kvserver.go:313.26,315.30 2 0
github.com/eraft-io/eraft/shardkvserver/shard_kvserver.go:315.30,318.7 2 0
github.com/eraft-io/eraft/shardkvserver/shard_kvserver.go:319.6,319.27 1 0
github.com/eraft-io/eraft/shardkvserver/shard_kvserver.go:320.35,323.53 3 0
github.com/eraft-io/eraft/shardkvserver/shard_kvserver.go:323.53,324.44 1 0
github.com/eraft-io/eraft/shardkvserver/shard_kvserver.go:324.44,325.79 1 0
github.com/eraft-io/eraft/shardkvserver/shard_kvserver.go:325.79,327.21 2 0
github.com/eraft-io/eraft/shardkvserver/shard_kvserver.go:327.21,329.10 1 0
github.com/eraft-io/eraft/shardkvserver/shard_kvserver.go:331.8,331.79 1 0
github.com/eraft-io/eraft/shardkvserver/shard_kvserver.go:331.79,333.21 2 0
github.com/eraft-io/eraft/shardkvserver/shard_kvserver.go:333.21,335.10 1 0
github.com/eraft-io/eraft/shardkvserver/shard_kvserver.go:338.7,341.87 4 0
github.com/eraft-io/eraft/shardkvserver/shard_kvserver.go:343.36,346.49 3 0
github.com/eraft-io/eraft/shardkvserver/shard_kvserver.go:346.49,349.7 2 0
github.com/eraft-io/eraft/shardkvserver/shard_kvserver.go:350.36,355.51 5 0
github.com/eraft-io/eraft/shardkvserver/shard_kvserver.go:355.51,357.29 2 0
github.com/eraft-io/eraft/shardkvserver/shard_kvserver.go:357.29,360.8 2 0
github.com/eraft-io/eraft/shardkvserver/shard_kvserver.go:363.5,363.19 1 0
github.com/eraft-io/eraft/shardkvserver/shard_kvserver.go:363.19,365.6 1 0
github.com/eraft-io/eraft/shardkvserver/shard_kvserver.go:367.5,367.49 1 0
github.com/eraft-io/eraft/shardkvserver/shard_kvserver.go:367.49,370.6 2 0
github.com/eraft-io/eraft/shardkvserver/shard_kvserver.go:372.5,372.37 1 0
github.com/eraft-io/eraft/shardkvserver/shard_kvserver.go:372.37,374.6 1 0
github.com/eraft-io/eraft/shardkvserver/shard_kvserver.go:376.5,376.18 1 0
github.com/eraft-io/eraft/shardkvserver/shard_kvserver.go:384.48,385.39 1 0
github.com/eraft-io/eraft/shardkvserver/shard_kvserver.go:385.39,386.29 1 0
github.com/eraft-io/eraft/shardkvserver/shard_kvserver.go:386.29,388.4 1 0
github.com/eraft-io/eraft/shardkvserver/shard_kvserver.go:393.46,399.39 6 0
github.com/eraft-io/eraft/shardkvserver/shard_kvserver.go:399.39,400.20 1 0
github.com/eraft-io/eraft/shardkvserver/shard_kvserver.go:400.20,402.18 2 0
github.com/eraft-io/eraft/shardkvserver/shard_kvserver.go:402.18,404.5 1 0
github.com/eraft-io/eraft/shardkvserver/shard_kvserver.go:405.4,405.36 1 0
github.com/eraft-io/eraft/shardkvserver/shard_kvserver.go:408.2,409.52 2 0
github.com/eraft-io/eraft/shardkvserver/shard_kvserver.go:413.52,414.21 1 0
github.com/eraft-io/eraft/shardkvserver/shard_kvserver.go:414.21,416.3 1 0
github.com/eraft-io/eraft/shardkvserver/shard_kvserver.go:417.2,420.40 4 0
github.com/eraft-io/eraft/shardkvserver/shard_kvserver.go:420.40,422.3 1 0
github.com/eraft-io/eraft/shardkvserver/shard_kvserver.go:423.2,423.37 1 0
github.com/eraft-io/eraft/shardkvserver/shard_kvserver.go:423.37,425.27 2 0
github.com/eraft-io/eraft/shardkvserver/shard_kvserver.go:425.27,427.4 1 0
github.com/eraft-io/eraft/shardkvserver/shard_kvserver.go:432.113,440.2 5 0
github.com/eraft-io/eraft/shardkvserver/shard_kvserver.go:443.119,450.2 5 0
github.com/eraft-io/eraft/shardkvserver/shard_kvserver.go:453.118,461.2 5 0
github.com/eraft-io/eraft/shardkvserver/shard_kvserver.go:465.128,467.47 2 0
github.com/eraft-io/eraft/shardkvserver/shard_kvserver.go:467.47,469.3 1 0
github.com/eraft-io/eraft/shardkvserver/shard_kvserver.go:470.2,470.26 1 0
github.com/eraft-io/eraft/shardkvserver/shard_kvserver.go:471.33,472.3 1 0
github.com/eraft-io/eraft/shardkvserver/shard_kvserver.go:472.3,474.52 2 0
github.com/eraft-io/eraft/shardkvserver/shard_kvserver.go:474.52,477.5 2 0
github.com/eraft-io/eraft/shardkvserver/shard_kvserver.go:478.4,480.43 3 0
github.com/eraft-io/eraft/shardkvserver/shard_kvserver.go:480.43,482.19 2 0
github.com/eraft-io/eraft/shardkvserver/shard_kvserver.go:482.19,485.6 2 0
github.com/eraft-io/eraft/shardkvserver/shard_kvserver.go:486.5,486.46 1 0
github.com/eraft-io/eraft/shardkvserver/shard_kvserver.go:488.4,491.18 4 0
github.com/eraft-io/eraft/shardkvserver/shard_kvserver.go:493.36,494.3 1 0
github.com/eraft-io/eraft/shardkvserver/shard_kvserver.go:494.3,496.54 2 0
github.com/eraft-io/eraft/shardkvserver/shard_kvserver.go:496.54,499.5 2 0
github.com/eraft-io/eraft/shardkvserver/shard_kvserver.go:500.4,508.17 8 0
github.com/eraft-io/eraft/shardkvserver/shard_kvserver.go:508.17,510.5 1 0
github.com/eraft-io/eraft/shardkvserver/shard_kvserver.go:512.36,513.3 1 0
github.com/eraft-io/eraft/shardkvserver/shard_kvserver.go:513.3,515.54 2 0
github.com/eraft-io/eraft/shardkvserver/shard_kvserver.go:515.54,518.5 2 0
github.com/eraft-io/eraft/shardkvserver/shard_kvserver.go:519.4,527.17 8 0
github.com/eraft-io/eraft/shardkvserver/shard_kvserver.go:527.17,529.5 1 0
github.com/eraft-io/eraft/shardkvserver/shard_kvserver.go:532.2,532.20 1 0
