mode: set
github.com/eraft-io/eraft/raftcore/persistent_log.go:46.60,48.16 2 1
github.com/eraft-io/eraft/raftcore/persistent_log.go:48.16,52.3 3 1
github.com/eraft-io/eraft/raftcore/persistent_log.go:53.2,53.34 1 1
github.com/eraft-io/eraft/raftcore/persistent_log.go:59.89,66.2 2 1
github.com/eraft-io/eraft/raftcore/persistent_log.go:68.58,70.2 1 1
github.com/eraft-io/eraft/raftcore/persistent_log.go:72.54,74.16 2 1
github.com/eraft-io/eraft/raftcore/persistent_log.go:74.16,76.3 1 1
github.com/eraft-io/eraft/raftcore/persistent_log.go:77.2,77.19 1 1
github.com/eraft-io/eraft/raftcore/persistent_log.go:82.89,84.16 2 1
github.com/eraft-io/eraft/raftcore/persistent_log.go:84.16,86.3 1 1
github.com/eraft-io/eraft/raftcore/persistent_log.go:87.2,88.62 2 1
github.com/eraft-io/eraft/raftcore/persistent_log.go:93.46,95.16 2 1
github.com/eraft-io/eraft/raftcore/persistent_log.go:95.16,96.13 1 0
github.com/eraft-io/eraft/raftcore/persistent_log.go:98.2,98.33 1 1
github.com/eraft-io/eraft/raftcore/persistent_log.go:104.45,106.16 2 1
github.com/eraft-io/eraft/raftcore/persistent_log.go:106.16,107.13 1 0
github.com/eraft-io/eraft/raftcore/persistent_log.go:109.2,109.14 1 1
github.com/eraft-io/eraft/raftcore/persistent_log.go:116.55,121.16 5 1
github.com/eraft-io/eraft/raftcore/persistent_log.go:121.16,124.3 2 0
github.com/eraft-io/eraft/raftcore/persistent_log.go:125.2,129.73 5 1
github.com/eraft-io/eraft/raftcore/persistent_log.go:134.42,138.73 3 1
github.com/eraft-io/eraft/raftcore/persistent_log.go:138.73,140.3 1 0
github.com/eraft-io/eraft/raftcore/persistent_log.go:142.2,144.77 3 1
github.com/eraft-io/eraft/raftcore/persistent_log.go:151.72,156.16 5 1
github.com/eraft-io/eraft/raftcore/persistent_log.go:156.16,158.13 2 0
github.com/eraft-io/eraft/raftcore/persistent_log.go:161.2,161.77 1 1
github.com/eraft-io/eraft/raftcore/persistent_log.go:161.77,163.3 1 0
github.com/eraft-io/eraft/raftcore/persistent_log.go:164.2,169.78 6 1
github.com/eraft-io/eraft/raftcore/persistent_log.go:175.44,179.16 4 1
github.com/eraft-io/eraft/raftcore/persistent_log.go:179.16,180.13 1 0
github.com/eraft-io/eraft/raftcore/persistent_log.go:182.2,184.28 3 1
github.com/eraft-io/eraft/raftcore/persistent_log.go:202.43,206.16 4 1
github.com/eraft-io/eraft/raftcore/persistent_log.go:206.16,207.13 1 0
github.com/eraft-io/eraft/raftcore/persistent_log.go:209.2,211.57 3 1
github.com/eraft-io/eraft/raftcore/persistent_log.go:217.42,221.16 4 1
github.com/eraft-io/eraft/raftcore/persistent_log.go:221.16,222.13 1 0
github.com/eraft-io/eraft/raftcore/persistent_log.go:224.2,226.16 3 1
github.com/eraft-io/eraft/raftcore/persistent_log.go:226.16,227.13 1 0
github.com/eraft-io/eraft/raftcore/persistent_log.go:229.2,229.45 1 1
github.com/eraft-io/eraft/raftcore/persistent_log.go:235.48,239.16 4 1
github.com/eraft-io/eraft/raftcore/persistent_log.go:239.16,240.13 1 0
github.com/eraft-io/eraft/raftcore/persistent_log.go:242.2,243.77 2 1
github.com/eraft-io/eraft/raftcore/persistent_log.go:249.58,255.63 6 0
github.com/eraft-io/eraft/raftcore/persistent_log.go:255.63,257.3 1 0
github.com/eraft-io/eraft/raftcore/persistent_log.go:258.2,258.16 1 0
github.com/eraft-io/eraft/raftcore/persistent_log.go:261.59,265.55 4 1
github.com/eraft-io/eraft/raftcore/persistent_log.go:265.55,266.71 1 1
github.com/eraft-io/eraft/raftcore/persistent_log.go:266.71,268.4 1 0
github.com/eraft-io/eraft/raftcore/persistent_log.go:269.3,269.62 1 1
github.com/eraft-io/eraft/raftcore/persistent_log.go:271.2,271.12 1 1
github.com/eraft-io/eraft/raftcore/persistent_log.go:277.71,281.13 4 0
github.com/eraft-io/eraft/raftcore/persistent_log.go:281.13,282.75 1 0
github.com/eraft-io/eraft/raftcore/persistent_log.go:282.75,283.80 1 0
github.com/eraft-io/eraft/raftcore/persistent_log.go:283.80,284.15 1 0
github.com/eraft-io/eraft/raftcore/persistent_log.go:288.2,289.55 2 0
github.com/eraft-io/eraft/raftcore/persistent_log.go:289.55,291.3 1 0
github.com/eraft-io/eraft/raftcore/persistent_log.go:292.2,292.16 1 0
github.com/eraft-io/eraft/raftcore/persistent_log.go:298.58,302.27 4 1
github.com/eraft-io/eraft/raftcore/persistent_log.go:302.27,304.3 1 1
github.com/eraft-io/eraft/raftcore/persistent_log.go:305.2,305.13 1 1
github.com/eraft-io/eraft/raftcore/persistent_log.go:310.53,314.2 3 1
github.com/eraft-io/eraft/raftcore/persistent_log.go:316.54,319.16 3 1
github.com/eraft-io/eraft/raftcore/persistent_log.go:319.16,321.13 2 0
github.com/eraft-io/eraft/raftcore/persistent_log.go:323.2,323.33 1 1
github.com/eraft-io/eraft/raftcore/persistent_log.go:328.42,335.2 6 1
github.com/eraft-io/eraft/raftcore/persistent_log.go:339.42,341.2 1 1
github.com/eraft-io/eraft/raftcore/persistent_log.go:345.40,350.2 4 1
github.com/eraft-io/eraft/raftcore/persistent_log.go:354.39,359.2 4 1
github.com/eraft-io/eraft/raftcore/persistent_log.go:363.59,368.2 4 1
github.com/eraft-io/eraft/raftcore/persistent_log.go:372.54,377.2 4 1
github.com/eraft-io/eraft/raftcore/raft.go:48.41,49.14 1 1
github.com/eraft-io/eraft/raftcore/raft.go:50.25,51.21 1 1
github.com/eraft-io/eraft/raftcore/raft.go:52.24,53.20 1 1
github.com/eraft-io/eraft/raftcore/raft.go:54.22,55.18 1 1
github.com/eraft-io/eraft/raftcore/raft.go:57.2,57.18 1 1
github.com/eraft-io/eraft/raftcore/raft.go:88.163,112.29 5 1
github.com/eraft-io/eraft/raftcore/raft.go:112.29,115.25 3 1
github.com/eraft-io/eraft/raftcore/raft.go:115.25,118.4 2 1
github.com/eraft-io/eraft/raftcore/raft.go:121.2,125.11 3 1
github.com/eraft-io/eraft/raftcore/raft.go:128.36,130.2 1 1
github.com/eraft-io/eraft/raftcore/raft.go:132.24,134.2 1 1
github.com/eraft-io/eraft/raftcore/raft.go:136.33,138.2 1 1
github.com/eraft-io/eraft/raftcore/raft.go:140.44,142.2 1 0
github.com/eraft-io/eraft/raftcore/raft.go:144.51,145.21 1 1
github.com/eraft-io/eraft/raftcore/raft.go:145.21,147.3 1 1
github.com/eraft-io/eraft/raftcore/raft.go:148.2,150.14 3 1
github.com/eraft-io/eraft/raftcore/raft.go:151.24,153.114 2 0
github.com/eraft-io/eraft/raftcore/raft.go:154.25,154.25 0 1
github.com/eraft-io/eraft/raftcore/raft.go:155.22,159.38 3 1
github.com/eraft-io/eraft/raftcore/raft.go:159.38,161.4 1 1
github.com/eraft-io/eraft/raftcore/raft.go:162.3,163.81 2 1
github.com/eraft-io/eraft/raftcore/raft.go:167.35,169.2 1 1
github.com/eraft-io/eraft/raftcore/raft.go:171.40,175.2 3 1
github.com/eraft-io/eraft/raftcore/raft.go:177.36,179.2 1 1
github.com/eraft-io/eraft/raftcore/raft.go:181.29,183.2 1 0
github.com/eraft-io/eraft/raftcore/raft.go:186.93,191.110 4 1
github.com/eraft-io/eraft/raftcore/raft.go:191.110,194.3 2 0
github.com/eraft-io/eraft/raftcore/raft.go:196.2,196.27 1 1
github.com/eraft-io/eraft/raftcore/raft.go:196.27,199.3 2 1
github.com/eraft-io/eraft/raftcore/raft.go:201.2,203.127 2 1
github.com/eraft-io/eraft/raftcore/raft.go:203.127,206.3 2 0
github.com/eraft-io/eraft/raftcore/raft.go:208.2,210.48 3 1
github.com/eraft-io/eraft/raftcore/raft.go:217.37,221.2 3 1
github.com/eraft-io/eraft/raftcore/raft.go:223.31,227.2 3 1
github.com/eraft-io/eraft/raftcore/raft.go:229.99,234.27 4 1
github.com/eraft-io/eraft/raftcore/raft.go:234.27,238.3 3 0
github.com/eraft-io/eraft/raftcore/raft.go:240.2,240.27 1 1
github.com/eraft-io/eraft/raftcore/raft.go:240.27,243.3 2 1
github.com/eraft-io/eraft/raftcore/raft.go:245.2,249.49 4 1
github.com/eraft-io/eraft/raftcore/raft.go:249.49,254.3 4 0
github.com/eraft-io/eraft/raftcore/raft.go:256.2,256.53 1 1
github.com/eraft-io/eraft/raftcore/raft.go:256.53,260.35 4 0
github.com/eraft-io/eraft/raftcore/raft.go:260.35,264.4 3 0
github.com/eraft-io/eraft/raftcore/raft.go:264.9,268.100 4 0
github.com/eraft-io/eraft/raftcore/raft.go:268.100,270.5 1 0
github.com/eraft-io/eraft/raftcore/raft.go:271.4,271.30 1 0
github.com/eraft-io/eraft/raftcore/raft.go:273.3,273.9 1 0
github.com/eraft-io/eraft/raftcore/raft.go:276.2,277.40 2 1
github.com/eraft-io/eraft/raftcore/raft.go:277.40,278.123 1 0
github.com/eraft-io/eraft/raftcore/raft.go:278.123,280.47 2 0
github.com/eraft-io/eraft/raftcore/raft.go:280.47,282.5 1 0
github.com/eraft-io/eraft/raftcore/raft.go:283.4,283.9 1 0
github.com/eraft-io/eraft/raftcore/raft.go:287.2,289.21 3 1
github.com/eraft-io/eraft/raftcore/raft.go:292.104,296.44 3 1
github.com/eraft-io/eraft/raftcore/raft.go:296.44,298.3 1 1
github.com/eraft-io/eraft/raftcore/raft.go:300.2,300.54 1 1
github.com/eraft-io/eraft/raftcore/raft.go:300.54,303.3 2 1
github.com/eraft-io/eraft/raftcore/raft.go:303.8,307.3 3 0
github.com/eraft-io/eraft/raftcore/raft.go:309.2,315.13 4 1
github.com/eraft-io/eraft/raftcore/raft.go:319.54,324.33 5 0
github.com/eraft-io/eraft/raftcore/raft.go:324.33,328.3 3 0
github.com/eraft-io/eraft/raftcore/raft.go:329.2,333.34 5 0
github.com/eraft-io/eraft/raftcore/raft.go:336.39,338.16 2 1
github.com/eraft-io/eraft/raftcore/raft.go:338.16,341.3 1 1
github.com/eraft-io/eraft/raftcore/raft.go:342.2,342.10 1 1
github.com/eraft-io/eraft/raftcore/raft.go:346.113,352.31 4 1
github.com/eraft-io/eraft/raftcore/raft.go:352.31,354.3 1 0
github.com/eraft-io/eraft/raftcore/raft.go:356.2,356.31 1 1
github.com/eraft-io/eraft/raftcore/raft.go:356.31,360.3 3 1
github.com/eraft-io/eraft/raftcore/raft.go:362.2,365.47 3 1
github.com/eraft-io/eraft/raftcore/raft.go:365.47,367.3 1 0
github.com/eraft-io/eraft/raftcore/raft.go:369.2,369.12 1 1
github.com/eraft-io/eraft/raftcore/raft.go:369.12,376.3 1 1
github.com/eraft-io/eraft/raftcore/raft.go:380.35,384.2 3 1
github.com/eraft-io/eraft/raftcore/raft.go:386.47,390.40 4 0
github.com/eraft-io/eraft/raftcore/raft.go:390.40,391.53 1 0
github.com/eraft-io/eraft/raftcore/raft.go:391.53,395.4 3 0
github.com/eraft-io/eraft/raftcore/raft.go:399.65,401.40 2 1
github.com/eraft-io/eraft/raftcore/raft.go:401.40,405.3 3 0
github.com/eraft-io/eraft/raftcore/raft.go:409.50,411.2 1 1
github.com/eraft-io/eraft/raftcore/raft.go:414.28,425.32 6 1
github.com/eraft-io/eraft/raftcore/raft.go:425.32,426.29 1 1
github.com/eraft-io/eraft/raftcore/raft.go:426.29,427.12 1 1
github.com/eraft-io/eraft/raftcore/raft.go:430.3,430.33 1 1
github.com/eraft-io/eraft/raftcore/raft.go:430.33,431.12 1 1
github.com/eraft-io/eraft/raftcore/raft.go:434.3,434.32 1 0
github.com/eraft-io/eraft/raftcore/raft.go:434.32,438.18 3 0
github.com/eraft-io/eraft/raftcore/raft.go:438.18,440.5 1 0
github.com/eraft-io/eraft/raftcore/raft.go:441.4,441.30 1 0
github.com/eraft-io/eraft/raftcore/raft.go:441.30,445.67 4 0
github.com/eraft-io/eraft/raftcore/raft.go:445.67,446.37 1 0
github.com/eraft-io/eraft/raftcore/raft.go:446.37,450.44 3 0
github.com/eraft-io/eraft/raftcore/raft.go:450.44,455.8 4 0
github.com/eraft-io/eraft/raftcore/raft.go:456.12,456.50 1 0
github.com/eraft-io/eraft/raftcore/raft.go:456.50,461.7 3 0
github.com/eraft-io/eraft/raftcore/raft.go:472.35,473.32 1 1
github.com/eraft-io/eraft/raftcore/raft.go:473.32,474.32 1 1
github.com/eraft-io/eraft/raftcore/raft.go:474.32,475.12 1 1
github.com/eraft-io/eraft/raftcore/raft.go:477.3,477.38 1 1
github.com/eraft-io/eraft/raftcore/raft.go:482.38,483.32 1 1
github.com/eraft-io/eraft/raftcore/raft.go:483.32,484.29 1 1
github.com/eraft-io/eraft/raftcore/raft.go:484.29,485.12 1 1
github.com/eraft-io/eraft/raftcore/raft.go:487.3,488.32 2 1
github.com/eraft-io/eraft/raftcore/raft.go:488.32,490.4 1 1
github.com/eraft-io/eraft/raftcore/raft.go:495.24,496.21 1 1
github.com/eraft-io/eraft/raftcore/raft.go:496.21,497.10 1 1
github.com/eraft-io/eraft/raftcore/raft.go:498.29,499.4 1 1
github.com/eraft-io/eraft/raftcore/raft.go:499.4,504.5 4 1
github.com/eraft-io/eraft/raftcore/raft.go:505.30,506.4 1 1
github.com/eraft-io/eraft/raftcore/raft.go:506.4,507.34 1 1
github.com/eraft-io/eraft/raftcore/raft.go:507.34,510.6 2 1
github.com/eraft-io/eraft/raftcore/raft.go:520.58,523.31 3 1
github.com/eraft-io/eraft/raftcore/raft.go:523.31,525.3 1 1
github.com/eraft-io/eraft/raftcore/raft.go:526.2,526.23 1 1
github.com/eraft-io/eraft/raftcore/raft.go:526.23,528.3 1 0
github.com/eraft-io/eraft/raftcore/raft.go:529.2,531.50 3 1
github.com/eraft-io/eraft/raftcore/raft.go:538.50,550.2 7 1
github.com/eraft-io/eraft/raftcore/raft.go:553.33,554.32 1 1
github.com/eraft-io/eraft/raftcore/raft.go:554.32,556.3 1 1
github.com/eraft-io/eraft/raftcore/raft.go:560.49,563.21 3 1
github.com/eraft-io/eraft/raftcore/raft.go:563.21,565.91 2 1
github.com/eraft-io/eraft/raftcore/raft.go:565.91,567.4 1 1
github.com/eraft-io/eraft/raftcore/raft.go:568.3,568.29 1 0
github.com/eraft-io/eraft/raftcore/raft.go:573.56,575.31 2 1
github.com/eraft-io/eraft/raftcore/raft.go:575.31,578.3 2 1
github.com/eraft-io/eraft/raftcore/raft.go:579.2,581.53 3 0
github.com/eraft-io/eraft/raftcore/raft.go:581.53,596.17 6 0
github.com/eraft-io/eraft/raftcore/raft.go:596.17,598.4 1 0
github.com/eraft-io/eraft/raftcore/raft.go:600.3,603.26 3 0
github.com/eraft-io/eraft/raftcore/raft.go:603.26,604.67 1 0
github.com/eraft-io/eraft/raftcore/raft.go:604.67,605.39 1 0
github.com/eraft-io/eraft/raftcore/raft.go:605.39,610.6 4 0
github.com/eraft-io/eraft/raftcore/raft.go:610.11,614.6 3 0
github.com/eraft-io/eraft/raftcore/raft.go:617.3,617.17 1 0
github.com/eraft-io/eraft/raftcore/raft.go:618.8,635.17 8 0
github.com/eraft-io/eraft/raftcore/raft.go:635.17,637.4 1 0
github.com/eraft-io/eraft/raftcore/raft.go:638.3,638.67 1 0
github.com/eraft-io/eraft/raftcore/raft.go:638.67,639.19 1 0
github.com/eraft-io/eraft/raftcore/raft.go:639.19,641.21 1 0
github.com/eraft-io/eraft/raftcore/raft.go:641.21,646.6 4 0
github.com/eraft-io/eraft/raftcore/raft.go:646.11,648.32 1 0
github.com/eraft-io/eraft/raftcore/raft.go:648.32,653.7 4 0
github.com/eraft-io/eraft/raftcore/raft.go:653.12,653.40 1 0
github.com/eraft-io/eraft/raftcore/raft.go:653.40,655.34 2 0
github.com/eraft-io/eraft/raftcore/raft.go:655.34,656.65 1 0
github.com/eraft-io/eraft/raftcore/raft.go:656.65,657.77 1 0
github.com/eraft-io/eraft/raftcore/raft.go:657.77,659.15 2 0
github.com/eraft-io/eraft/raftcore/raft.go:672.27,673.21 1 1
github.com/eraft-io/eraft/raftcore/raft.go:673.21,675.38 2 1
github.com/eraft-io/eraft/raftcore/raft.go:675.38,678.4 2 1
github.com/eraft-io/eraft/raftcore/raft.go:680.3,686.33 6 1
github.com/eraft-io/eraft/raftcore/raft.go:686.33,693.4 1 1
github.com/eraft-io/eraft/raftcore/raft.go:695.3,698.17 4 1
github.com/eraft-io/eraft/raftcore/raft_client_end.go:41.41,43.2 1 0
github.com/eraft-io/eraft/raftcore/raft_client_end.go:45.75,47.2 1 0
github.com/eraft-io/eraft/raftcore/raft_client_end.go:49.63,51.16 2 0
github.com/eraft-io/eraft/raftcore/raft_client_end.go:51.16,53.3 1 0
github.com/eraft-io/eraft/raftcore/raft_client_end.go:54.2,62.3 4 0
github.com/eraft-io/eraft/raftcore/raft_client_end.go:65.44,66.35 1 1
github.com/eraft-io/eraft/raftcore/raft_client_end.go:66.35,68.3 1 0
github.com/eraft-io/eraft/raftcore/raft_log.go:64.32,69.2 4 1
github.com/eraft-io/eraft/raftcore/raft_log.go:71.47,73.2 1 1
github.com/eraft-io/eraft/raftcore/raft_log.go:75.45,77.2 1 0
github.com/eraft-io/eraft/raftcore/raft_log.go:79.61,81.2 1 1
github.com/eraft-io/eraft/raftcore/raft_log.go:83.60,85.2 1 1
github.com/eraft-io/eraft/raftcore/raft_log.go:87.61,89.2 1 0
github.com/eraft-io/eraft/raftcore/raft_log.go:91.51,93.2 1 1
github.com/eraft-io/eraft/raftcore/raft_log.go:95.56,97.2 1 0
github.com/eraft-io/eraft/raftcore/raft_log.go:99.46,101.2 1 1
github.com/eraft-io/eraft/raftcore/utils.go:34.41,38.2 3 1
github.com/eraft-io/eraft/raftcore/utils.go:40.48,42.2 1 1
github.com/eraft-io/eraft/raftcore/utils.go:44.32,46.2 1 1
github.com/eraft-io/eraft/raftcore/utils.go:48.24,49.11 1 1
github.com/eraft-io/eraft/raftcore/utils.go:49.11,51.3 1 0
github.com/eraft-io/eraft/raftcore/utils.go:52.2,52.10 1 1
github.com/eraft-io/eraft/raftcore/utils.go:55.24,56.11 1 1
github.com/eraft-io/eraft/raftcore/utils.go:56.11,58.3 1 1
github.com/eraft-io/eraft/raftcore/utils.go:59.2,59.10 1 0
