mode: set
github.com/eraft-io/eraft/storage/kv.go:43.56,44.14 1 0
github.com/eraft-io/eraft/storage/kv.go:45.17,47.17 2 0
github.com/eraft-io/eraft/storage/kv.go:47.17,48.14 1 0
github.com/eraft-io/eraft/storage/kv.go:50.3,50.17 1 0
github.com/eraft-io/eraft/storage/kv.go:51.10,52.39 1 0
github.com/eraft-io/eraft/storage/kv_leveldb.go:40.63,42.16 2 1
github.com/eraft-io/eraft/storage/kv_leveldb.go:42.16,44.3 1 1
github.com/eraft-io/eraft/storage/kv_leveldb.go:45.2,48.8 1 1
github.com/eraft-io/eraft/storage/kv_leveldb.go:51.69,53.2 1 1
github.com/eraft-io/eraft/storage/kv_leveldb.go:55.61,57.2 1 1
github.com/eraft-io/eraft/storage/kv_leveldb.go:59.72,61.2 1 1
github.com/eraft-io/eraft/storage/kv_leveldb.go:63.62,65.2 1 1
github.com/eraft-io/eraft/storage/kv_leveldb.go:67.62,69.16 2 1
github.com/eraft-io/eraft/storage/kv_leveldb.go:69.16,71.3 1 1
github.com/eraft-io/eraft/storage/kv_leveldb.go:72.2,72.23 1 1
github.com/eraft-io/eraft/storage/kv_leveldb.go:75.55,77.2 1 1
github.com/eraft-io/eraft/storage/kv_leveldb.go:79.105,82.18 3 1
github.com/eraft-io/eraft/storage/kv_leveldb.go:82.18,84.17 2 1
github.com/eraft-io/eraft/storage/kv_leveldb.go:84.17,86.4 1 1
github.com/eraft-io/eraft/storage/kv_leveldb.go:87.3,88.13 2 1
github.com/eraft-io/eraft/storage/kv_leveldb.go:90.2,91.26 2 1
github.com/eraft-io/eraft/storage/kv_leveldb.go:94.43,96.2 0 1
github.com/eraft-io/eraft/storage/kv_leveldb.go:98.86,103.8 5 1
github.com/eraft-io/eraft/storage/kv_leveldb.go:103.8,106.3 2 1
github.com/eraft-io/eraft/storage/kv_leveldb.go:107.2,107.32 1 1
github.com/eraft-io/eraft/storage/kv_leveldb.go:110.82,115.18 5 1
github.com/eraft-io/eraft/storage/kv_leveldb.go:115.18,116.26 1 1
github.com/eraft-io/eraft/storage/kv_leveldb.go:116.26,118.4 1 0
github.com/eraft-io/eraft/storage/kv_leveldb.go:119.3,121.23 3 1
github.com/eraft-io/eraft/storage/kv_leveldb.go:121.23,123.4 1 1
github.com/eraft-io/eraft/storage/kv_leveldb.go:125.2,125.22 1 1
github.com/eraft-io/eraft/storage/kv_leveldb.go:128.87,131.17 3 1
github.com/eraft-io/eraft/storage/kv_leveldb.go:131.17,133.3 1 1
github.com/eraft-io/eraft/storage/kv_leveldb.go:134.2,134.60 1 1
github.com/eraft-io/eraft/storage/kv_leveldb.go:137.67,139.18 2 1
github.com/eraft-io/eraft/storage/kv_leveldb.go:139.18,141.17 2 1
github.com/eraft-io/eraft/storage/kv_leveldb.go:141.17,143.4 1 0
github.com/eraft-io/eraft/storage/kv_leveldb.go:145.2,146.12 2 1
